<?xml version="1.0" encoding="UTF-8"?>
<!-- Generated by org.testng.reporters.JUnitXMLReporter -->
<testsuite ignored="0" hostname="DESKTOP-TIMMDPM" failures="1" tests="3" name="Edge Test" time="123.914" errors="0" timestamp="2024-04-27T20:50:40 IST">
  <testcase classname="TestNG.TestNG_SignUpPage" name="test" time="4.7">
    <failure type="org.openqa.selenium.ElementClickInterceptedException" message="element click intercepted: Element &amp;lt;a role=&amp;quot;button&amp;quot; class=&amp;quot;_42ft _4jy0 _6lti _4jy6 _4jy2 selected _51sy&amp;quot; href=&amp;quot;#&amp;quot; ajaxify=&amp;quot;/reg/spotlight/&amp;quot; id=&amp;quot;u_0_0_cX&amp;quot; data-testid=&amp;quot;open-registration-form-button&amp;quot; rel=&amp;quot;async&amp;quot;&amp;gt;...&amp;lt;/a&amp;gt; is not clickable at point (732, 433). Other element would receive the click: &amp;lt;div class=&amp;quot;_3ixn&amp;quot;&amp;gt;&amp;lt;/div&amp;gt;
  (Session info: MicrosoftEdge=124.0.2478.51)
Build info: version: &amp;apos;4.19.1&amp;apos;, revision: &amp;apos;abe0ee07dc&amp;apos;
System info: os.name: &amp;apos;Windows 10&amp;apos;, os.arch: &amp;apos;amd64&amp;apos;, os.version: &amp;apos;10.0&amp;apos;, java.version: &amp;apos;17.0.10&amp;apos;
Driver info: org.openqa.selenium.edge.EdgeDriver
Command: [5bbe91d191b6c5d7f490c2ab3a3fa125, clickElement {id=f.FD6C597F8769D89024AF43D05B4EA10E.d.B0E372C50E4A586959E51AAF80681872.e.13}]
Capabilities {acceptInsecureCerts: false, browserName: MicrosoftEdge, browserVersion: 124.0.2478.51, fedcm:accounts: true, ms:edgeOptions: {debuggerAddress: localhost:53849}, msedge: {msedgedriverVersion: 124.0.2478.51 (e23a9b7d0a14..., userDataDir: C:\Users\Admin\AppData\Loca...}, networkConnectionEnabled: false, pageLoadStrategy: normal, platformName: windows, proxy: Proxy(), se:cdp: ws://localhost:53849/devtoo..., se:cdpVersion: 124.0.2478.51, setWindowRect: true, strictFileInteractability: false, timeouts: {implicit: 0, pageLoad: 300000, script: 30000}, unhandledPromptBehavior: dismiss and notify, webauthn:extension:credBlob: true, webauthn:extension:largeBlob: true, webauthn:extension:minPinLength: true, webauthn:extension:prf: true, webauthn:virtualAuthenticators: true}
Element: [[EdgeDriver: MicrosoftEdge on windows (5bbe91d191b6c5d7f490c2ab3a3fa125)] -&amp;gt; xpath: //a[text()=&amp;apos;Create new account&amp;apos;]]
Session ID: 5bbe91d191b6c5d7f490c2ab3a3fa125">
      <![CDATA[org.openqa.selenium.ElementClickInterceptedException: element click intercepted: Element <a role="button" class="_42ft _4jy0 _6lti _4jy6 _4jy2 selected _51sy" href="#" ajaxify="/reg/spotlight/" id="u_0_0_cX" data-testid="open-registration-form-button" rel="async">...</a> is not clickable at point (732, 433). Other element would receive the click: <div class="_3ixn"></div>
  (Session info: MicrosoftEdge=124.0.2478.51)
Build info: version: '4.19.1', revision: 'abe0ee07dc'
System info: os.name: 'Windows 10', os.arch: 'amd64', os.version: '10.0', java.version: '17.0.10'
Driver info: org.openqa.selenium.edge.EdgeDriver
Command: [5bbe91d191b6c5d7f490c2ab3a3fa125, clickElement {id=f.FD6C597F8769D89024AF43D05B4EA10E.d.B0E372C50E4A586959E51AAF80681872.e.13}]
Capabilities {acceptInsecureCerts: false, browserName: MicrosoftEdge, browserVersion: 124.0.2478.51, fedcm:accounts: true, ms:edgeOptions: {debuggerAddress: localhost:53849}, msedge: {msedgedriverVersion: 124.0.2478.51 (e23a9b7d0a14..., userDataDir: C:\Users\Admin\AppData\Loca...}, networkConnectionEnabled: false, pageLoadStrategy: normal, platformName: windows, proxy: Proxy(), se:cdp: ws://localhost:53849/devtoo..., se:cdpVersion: 124.0.2478.51, setWindowRect: true, strictFileInteractability: false, timeouts: {implicit: 0, pageLoad: 300000, script: 30000}, unhandledPromptBehavior: dismiss and notify, webauthn:extension:credBlob: true, webauthn:extension:largeBlob: true, webauthn:extension:minPinLength: true, webauthn:extension:prf: true, webauthn:virtualAuthenticators: true}
Element: [[EdgeDriver: MicrosoftEdge on windows (5bbe91d191b6c5d7f490c2ab3a3fa125)] -> xpath: //a[text()='Create new account']]
Session ID: 5bbe91d191b6c5d7f490c2ab3a3fa125
at org.openqa.selenium.remote.ErrorCodec.decode(ErrorCodec.java:167)
at org.openqa.selenium.remote.codec.w3c.W3CHttpResponseCodec.decode(W3CHttpResponseCodec.java:138)
at org.openqa.selenium.remote.codec.w3c.W3CHttpResponseCodec.decode(W3CHttpResponseCodec.java:50)
at org.openqa.selenium.remote.HttpCommandExecutor.execute(HttpCommandExecutor.java:190)
at org.openqa.selenium.remote.service.DriverCommandExecutor.invokeExecute(DriverCommandExecutor.java:216)
at org.openqa.selenium.remote.service.DriverCommandExecutor.execute(DriverCommandExecutor.java:174)
at org.openqa.selenium.remote.RemoteWebDriver.execute(RemoteWebDriver.java:518)
at org.openqa.selenium.remote.RemoteWebElement.execute(RemoteWebElement.java:223)
at org.openqa.selenium.remote.RemoteWebElement.click(RemoteWebElement.java:76)
at org.openqa.selenium.support.pagefactory.internal.LocatingElementHandler.invoke(LocatingElementHandler.java:51)
at jdk.proxy2/jdk.proxy2.$Proxy17.click(Unknown Source)
at pom.module.SignUpModule.clickOnCreateNewAcc(SignUpModule.java:55)
at TestNG.TestNG_SignUpPage.test(TestNG_SignUpPage.java:73)
at java.base/java.util.concurrent.Executors$RunnableAdapter.call(Executors.java:539)
at java.base/java.util.concurrent.FutureTask.run(FutureTask.java:264)
at java.base/java.util.concurrent.ThreadPoolExecutor.runWorker(ThreadPoolExecutor.java:1136)
at java.base/java.util.concurrent.ThreadPoolExecutor$Worker.run(ThreadPoolExecutor.java:635)
at java.base/java.lang.Thread.run(Thread.java:840)
... Removed 22 stack frames]]>
    </failure>
  </testcase> <!-- test -->
  <testcase classname="TestNG.TestNG_ForgotPassword" name="test1" time="1.811"/>
  <testcase classname="TestNG.TestNG_ForgotPassword" name="test2" time="1.279"/>
</testsuite> <!-- Edge Test -->
